<<<<<<< HEAD
2023-01-25T10:33:44.274Z [api] error: Cannot set headers after they are sent to the client
2023-01-25T10:33:48.316Z [api] error: Cannot read properties of undefined (reading 'blobName')
2023-01-25T10:35:06.184Z [api] error: Cannot set headers after they are sent to the client
2023-01-25T10:35:09.648Z [api] error: Cannot read properties of undefined (reading 'blobName')
2023-01-25T10:35:51.105Z [api] error: Cannot read properties of undefined (reading 'blobName')
2023-01-25T10:38:15.743Z [api] error: Cannot read properties of undefined (reading 'blobName')
2023-01-25T10:39:56.568Z [api] error: Cannot read properties of undefined (reading 'blobName')
2023-01-25T13:15:46.552Z [api] error: Cannot read properties of undefined (reading '0')
=======
2022-12-14T18:49:47.402Z [api] error: Unexpected token o in JSON at position 1
2022-12-14T19:03:48.689Z [api] error: Unexpected token o in JSON at position 1
2022-12-14T19:04:49.727Z [api] error: Unexpected token o in JSON at position 1
2022-12-14T19:05:19.716Z [api] error: item is not defined
2023-01-04T07:10:25.431Z [api] error: path is not defined
2023-01-04T07:11:37.402Z [api] error: Could not find MIME for Buffer <null>
2023-01-04T07:14:06.148Z [api] error: blobService is not defined
2023-01-04T08:33:41.898Z [api] error: Joi.file is not a function
2023-01-04T08:47:04.803Z [api] error: workspace_id is not defined
2023-01-04T08:55:36.004Z [api] error: The "key" argument must be of type string or an instance of ArrayBuffer, Buffer, TypedArray, DataView, KeyObject, or CryptoKey. Received undefined
2023-01-05T06:41:01.496Z [api] error: data is not defined
2023-01-05T09:54:31.360Z [api] error: Cannot set headers after they are sent to the client
2023-01-05T09:54:31.610Z [api] error: Cannot set headers after they are sent to the client
2023-01-05T09:54:31.663Z [api] error: Cannot set headers after they are sent to the client
2023-01-05T11:06:17.029Z [api] error: Cannot read properties of undefined (reading 'url')
2023-01-05T12:15:32.578Z [api] error: bcrypt is not defined
2023-01-06T05:48:51.050Z [api] error: activityLog is not defined
2023-01-06T05:48:51.215Z [api] error: activityLog is not defined
2023-01-06T05:48:51.225Z [api] error: activityLog is not defined
2023-01-06T06:58:56.945Z [api] error: user_id is not defined
2023-01-06T06:58:57.100Z [api] error: user_id is not defined
2023-01-06T12:13:14.223Z [api] error: getCausesByLocation is not defined
2023-01-06T12:15:01.714Z [api] error: Cannot read properties of undefined (reading 'length')
2023-01-06T12:15:41.164Z [api] error: Cannot read properties of undefined (reading 'length')
2023-01-06T12:19:43.170Z [api] error: Cannot access 'condition' before initialization
2023-01-06T12:22:43.260Z [api] error: getMerchantsByLocation is not defined
2023-01-17T11:34:47.405Z [api] error: condition is not defined
2023-01-17T12:38:47.547Z [api] error: Total_Discount is not defined
2023-01-17T12:39:16.931Z [api] error: Unexpected token o in JSON at position 1
2023-01-17T12:40:17.577Z [api] error: Unexpected token o in JSON at position 1
2023-01-17T12:40:43.439Z [api] error: Unexpected token o in JSON at position 1
2023-01-17T12:41:27.893Z [api] error: Unexpected token o in JSON at position 1
>>>>>>> 6383ec47b1e95ef825bc052c1573fda6f0c0f262
2023-01-30T08:46:17.383Z [api] error: getMerchantData is not defined
2023-01-31T12:52:31.234Z [api] error: filename is not defined
2023-01-31T12:53:17.189Z [api] error: nodeExcel is not defined
2023-01-31T12:53:48.930Z [api] error: res is not defined
2023-01-31T13:10:12.882Z [api] error: Cannot access 'condition' before initialization
2023-02-07T06:11:04.239Z [api] error: Cannot set headers after they are sent to the client
2023-02-07T06:22:01.733Z [api] error: serial_number is not defined
2023-02-07T06:22:45.955Z [api] error: serial_number is not defined
2023-02-07T08:45:17.645Z [api] error: Cannot use container. Check if provided options are correct.
2023-02-07T10:24:45.548Z [api] error: Cannot read properties of undefined (reading 'blobName')
2023-02-07T13:35:23.015Z [api] error: Cannot read properties of undefined (reading 'captionStyleIndex')
2023-02-07T13:39:49.410Z [api] error: Cannot read properties of undefined (reading 'captionStyleIndex')
2023-02-07T13:41:06.860Z [api] error: Cannot read properties of undefined (reading 'captionStyleIndex')
2023-02-07T13:42:47.407Z [api] error: Cannot read properties of undefined (reading 'captionStyleIndex')
2023-02-07T13:43:15.199Z [api] error: Cannot read properties of undefined (reading 'captionStyleIndex')
2023-02-07T13:43:39.975Z [api] error: Cannot read properties of undefined (reading 'captionStyleIndex')
2023-02-07T13:44:03.564Z [api] error: Cannot read properties of undefined (reading 'captionStyleIndex')
2023-02-13T06:59:19.859Z [api] error: Cannot set headers after they are sent to the client
2023-02-13T09:17:37.613Z [api] error: Cannot access 'condition' before initialization
2023-02-13T10:06:26.404Z [api] error: query is not defined
2023-02-13T11:34:40.538Z [api] error: Cannot read properties of undefined (reading '0')
2023-02-13T11:35:19.407Z [api] error: Cannot read properties of undefined (reading '0')
2023-02-13T12:07:29.735Z [api] error: created_by is not defined
2023-02-13T12:18:58.021Z [api] error: Cannot access 'condition' before initialization
2023-02-13T13:06:34.627Z [api] error: Cannot read properties of undefined (reading 'length')
2023-02-17T05:44:07.711Z [api] error: Cannot read properties of null (reading 's_license')
2023-02-17T05:48:20.295Z [api] error: Cannot read properties of null (reading 's_license')
2023-02-17T07:40:39.240Z [api] error: Cannot use container. Check if provided options are correct.
2023-02-17T07:40:39.247Z [api] error: Cannot use container. Check if provided options are correct.
2023-02-17T07:40:39.253Z [api] error: Cannot use container. Check if provided options are correct.
2023-02-17T07:40:39.259Z [api] error: Cannot use container. Check if provided options are correct.
2023-02-17T07:40:39.267Z [api] error: Cannot use container. Check if provided options are correct.
2023-02-17T07:40:39.271Z [api] error: Cannot use container. Check if provided options are correct.
2023-02-17T08:11:58.002Z [api] error: results is not defined
2023-02-17T08:12:38.726Z [api] error: Cannot use container. Check if provided options are correct.
2023-02-17T08:12:38.735Z [api] error: Cannot use container. Check if provided options are correct.
2023-02-17T08:12:38.742Z [api] error: Cannot use container. Check if provided options are correct.
2023-02-17T08:12:38.777Z [api] error: Cannot use container. Check if provided options are correct.
2023-02-17T08:12:38.799Z [api] error: Cannot use container. Check if provided options are correct.
2023-02-17T08:12:38.841Z [api] error: Cannot use container. Check if provided options are correct.
2023-02-17T08:12:46.556Z [api] error: Cannot use container. Check if provided options are correct.
2023-02-17T08:12:46.564Z [api] error: Cannot use container. Check if provided options are correct.
2023-02-17T08:12:46.569Z [api] error: Cannot use container. Check if provided options are correct.
2023-02-17T08:12:46.576Z [api] error: Cannot use container. Check if provided options are correct.
2023-02-17T08:12:46.587Z [api] error: Cannot use container. Check if provided options are correct.
2023-02-17T08:12:46.595Z [api] error: Cannot use container. Check if provided options are correct.
2023-02-17T10:36:56.915Z [api] error: Cannot set headers after they are sent to the client
2023-02-17T12:58:10.577Z [api] error: Cannot read properties of undefined (reading '0')
2023-10-18T09:39:19.526Z [api] error: data is not defined
2023-12-01T13:42:39.694Z [api] error: user.User.savePasswordHistory is not a function
2023-12-01T13:43:41.645Z [api] error: logger is not defined
2023-12-04T04:19:38.684Z [api] error: check is not defined
2023-12-04T04:20:10.144Z [api] error: activityLog is not defined
2023-12-04T04:21:38.737Z [api] error: activityLog is not defined
2023-12-04T11:26:42.988Z [api] error: parking_id is not defined
2023-12-04T11:37:43.413Z [api] error: charges is not defined
2023-12-05T07:07:10.052Z [api] error: Assignment to constant variable.
2023-12-06T06:43:45.219Z [api] error: Cannot read properties of undefined (reading '0')
2023-12-08T09:47:37.873Z [api] error: user.User.findorCreateCustomer is not a function
2023-12-08T09:49:59.474Z [api] error: Cannot read properties of undefined (reading 'user_id')
2023-12-08T10:09:56.431Z [api] error: asyncForEach is not defined
2023-12-08T10:10:20.018Z [api] error: Cannot read properties of undefined (reading 'number_of_points')
2023-12-08T10:10:20.186Z [api] error: Cannot read properties of undefined (reading 'number_of_points')
2023-12-08T10:10:47.895Z [api] error: Cannot read properties of undefined (reading 'number_of_points')
2023-12-08T10:10:48.078Z [api] error: Cannot read properties of undefined (reading 'number_of_points')
2023-12-08T10:11:22.162Z [api] error: Cannot set headers after they are sent to the client
2023-12-08T10:11:22.327Z [api] error: Cannot set headers after they are sent to the client
2023-12-08T10:24:21.510Z [api] error: product_points_value is not defined
2023-12-08T10:24:21.669Z [api] error: product_points_value is not defined
2023-12-08T10:42:08.043Z [api] error: result is not defined
2023-12-08T11:15:12.137Z [api] error: updated_cashback_balance is not defined
2023-12-08T11:15:12.397Z [api] error: updated_cashback_balance is not defined
2023-12-08T11:16:17.799Z [api] error: pointsEarned is not defined
2023-12-08T11:16:18.047Z [api] error: pointsEarned is not defined
2023-12-08T11:16:36.337Z [api] error: phone is not defined
2023-12-08T11:16:36.627Z [api] error: phone is not defined
2023-12-08T11:34:41.504Z [api] error: Cannot read properties of undefined (reading 'length')
2023-12-08T11:35:12.959Z [api] error: Cannot read properties of undefined (reading 'length')
2023-12-08T11:36:37.468Z [api] error: redeem_aed_value is not defined
2023-12-08T11:44:54.800Z [api] error: query is not defined
2023-12-22T09:21:33.453Z [api] error: Cannot read properties of undefined (reading 'user_id')
2023-12-22T10:06:17.454Z [api] error: Cannot read properties of undefined (reading 'created_by')
